  C:freeglut.dll
  C:glew32.dll
  C:glew32s.dll
  3 File(s) copied
  C:glfw3.dll
  C:glfw3dll.dll
  C:glfw3_mt.dll
  3 File(s) copied
  C:SOIL.dll
  1 File(s) copied
  app.cpp
C:\Users\Kris\Desktop\grafica-teme-lab\grafica-teme-lab\object.hpp(41,114): warning C4267: 'argument': conversion from 'size_t' to 'GLsizei', possible loss of data
  (compiling source file 'app.cpp')
  
C:\Users\Kris\Desktop\grafica-teme-lab\grafica-teme-lab\object.hpp(41,63): warning C4267: 'argument': conversion from 'size_t' to 'GLsizei', possible loss of data
  (compiling source file 'app.cpp')
  
C:\Users\Kris\Desktop\grafica-teme-lab\grafica-teme-lab\app.cpp(67,36): warning C4267: 'argument': conversion from 'size_t' to 'u32', possible loss of data
  glm.cpp
  main.cpp
C:\Users\Kris\Desktop\grafica-teme-lab\grafica-teme-lab\object.hpp(41,114): warning C4267: 'argument': conversion from 'size_t' to 'GLsizei', possible loss of data
  (compiling source file 'main.cpp')
  
C:\Users\Kris\Desktop\grafica-teme-lab\grafica-teme-lab\object.hpp(41,63): warning C4267: 'argument': conversion from 'size_t' to 'GLsizei', possible loss of data
  (compiling source file 'main.cpp')
  
  object.cpp
C:\Users\Kris\Desktop\grafica-teme-lab\grafica-teme-lab\object.hpp(41,114): warning C4267: 'argument': conversion from 'size_t' to 'GLsizei', possible loss of data
  (compiling source file 'object.cpp')
  
C:\Users\Kris\Desktop\grafica-teme-lab\grafica-teme-lab\object.hpp(41,63): warning C4267: 'argument': conversion from 'size_t' to 'GLsizei', possible loss of data
  (compiling source file 'object.cpp')
  
C:\Users\Kris\Desktop\grafica-teme-lab\grafica-teme-lab\object.cpp(23,2): warning C4267: 'initializing': conversion from 'size_t' to 'u32', possible loss of data
C:\Users\Kris\Desktop\grafica-teme-lab\grafica-teme-lab\object.cpp(24,2): warning C4267: 'initializing': conversion from 'size_t' to 'u32', possible loss of data
C:\Users\Kris\Desktop\grafica-teme-lab\grafica-teme-lab\object.cpp(25,2): warning C4267: 'initializing': conversion from 'size_t' to 'u32', possible loss of data
  shader.cpp
C:\Users\Kris\Desktop\grafica-teme-lab\grafica-teme-lab\object.hpp(41,114): warning C4267: 'argument': conversion from 'size_t' to 'GLsizei', possible loss of data
  (compiling source file 'shader.cpp')
  
C:\Users\Kris\Desktop\grafica-teme-lab\grafica-teme-lab\object.hpp(41,63): warning C4267: 'argument': conversion from 'size_t' to 'GLsizei', possible loss of data
  (compiling source file 'shader.cpp')
  
  imageloader.cpp
  loadShaders.cpp
  utils.cpp
C:\Users\Kris\Desktop\grafica-teme-lab\grafica-teme-lab\object.hpp(41,114): warning C4267: 'argument': conversion from 'size_t' to 'GLsizei', possible loss of data
  (compiling source file 'utils.cpp')
  
C:\Users\Kris\Desktop\grafica-teme-lab\grafica-teme-lab\object.hpp(41,63): warning C4267: 'argument': conversion from 'size_t' to 'GLsizei', possible loss of data
  (compiling source file 'utils.cpp')
  
  Generating Code...
  glad.c
SOIL.lib(SOIL.obj) : warning LNK4099: PDB '' was not found with 'SOIL.lib(SOIL.obj)' or at ''; linking object as if no debug info
SOIL.lib(stb_image_aug.obj) : warning LNK4099: PDB '' was not found with 'SOIL.lib(stb_image_aug.obj)' or at ''; linking object as if no debug info
SOIL.lib(image_helper.obj) : warning LNK4099: PDB '' was not found with 'SOIL.lib(image_helper.obj)' or at ''; linking object as if no debug info
SOIL.lib(image_DXT.obj) : warning LNK4099: PDB '' was not found with 'SOIL.lib(image_DXT.obj)' or at ''; linking object as if no debug info
  grafica-teme-lab.vcxproj -> C:\Users\Kris\Desktop\grafica-teme-lab\x64\Debug\grafica-teme-lab.exe
  'pwsh.exe' is not recognized as an internal or external command,
  operable program or batch file.
  0 File(s) copied
  0 File(s) copied
  0 File(s) copied
