  E:freeglut.dll
  E:glew32.dll
  E:glew32s.dll
  3 File(s) copied
  E:glfw3.dll
  E:glfw3dll.dll
  E:glfw3_mt.dll
  3 File(s) copied
  E:SOIL.dll
  1 File(s) copied
  app.cpp
E:\Visual Studio Projects\grafica-teme-lab\grafica-teme-lab\object.hpp(41,114): warning C4267: 'argument': conversion from 'size_t' to 'GLsizei', possible loss of data
  (compiling source file 'app.cpp')
  
E:\Visual Studio Projects\grafica-teme-lab\grafica-teme-lab\object.hpp(41,63): warning C4267: 'argument': conversion from 'size_t' to 'GLsizei', possible loss of data
  (compiling source file 'app.cpp')
  
E:\Visual Studio Projects\grafica-teme-lab\grafica-teme-lab\app.cpp(99,40): warning C4018: '<=': signed/unsigned mismatch
  main.cpp
E:\Visual Studio Projects\grafica-teme-lab\grafica-teme-lab\object.hpp(41,114): warning C4267: 'argument': conversion from 'size_t' to 'GLsizei', possible loss of data
  (compiling source file 'main.cpp')
  
E:\Visual Studio Projects\grafica-teme-lab\grafica-teme-lab\object.hpp(41,63): warning C4267: 'argument': conversion from 'size_t' to 'GLsizei', possible loss of data
  (compiling source file 'main.cpp')
  
  object.cpp
E:\Visual Studio Projects\grafica-teme-lab\grafica-teme-lab\object.hpp(41,114): warning C4267: 'argument': conversion from 'size_t' to 'GLsizei', possible loss of data
  (compiling source file 'object.cpp')
  
E:\Visual Studio Projects\grafica-teme-lab\grafica-teme-lab\object.hpp(41,63): warning C4267: 'argument': conversion from 'size_t' to 'GLsizei', possible loss of data
  (compiling source file 'object.cpp')
  
E:\Visual Studio Projects\grafica-teme-lab\grafica-teme-lab\object.cpp(23,2): warning C4267: 'initializing': conversion from 'size_t' to 'u32', possible loss of data
E:\Visual Studio Projects\grafica-teme-lab\grafica-teme-lab\object.cpp(24,2): warning C4267: 'initializing': conversion from 'size_t' to 'u32', possible loss of data
E:\Visual Studio Projects\grafica-teme-lab\grafica-teme-lab\object.cpp(25,2): warning C4267: 'initializing': conversion from 'size_t' to 'u32', possible loss of data
  shader.cpp
E:\Visual Studio Projects\grafica-teme-lab\grafica-teme-lab\object.hpp(41,114): warning C4267: 'argument': conversion from 'size_t' to 'GLsizei', possible loss of data
  (compiling source file 'shader.cpp')
  
E:\Visual Studio Projects\grafica-teme-lab\grafica-teme-lab\object.hpp(41,63): warning C4267: 'argument': conversion from 'size_t' to 'GLsizei', possible loss of data
  (compiling source file 'shader.cpp')
  
  utils.cpp
E:\Visual Studio Projects\grafica-teme-lab\grafica-teme-lab\object.hpp(41,114): warning C4267: 'argument': conversion from 'size_t' to 'GLsizei', possible loss of data
  (compiling source file 'utils.cpp')
  
E:\Visual Studio Projects\grafica-teme-lab\grafica-teme-lab\object.hpp(41,63): warning C4267: 'argument': conversion from 'size_t' to 'GLsizei', possible loss of data
  (compiling source file 'utils.cpp')
  
  Generating Code...
SOIL.lib(SOIL.obj) : warning LNK4099: PDB '' was not found with 'SOIL.lib(SOIL.obj)' or at ''; linking object as if no debug info
SOIL.lib(stb_image_aug.obj) : warning LNK4099: PDB '' was not found with 'SOIL.lib(stb_image_aug.obj)' or at ''; linking object as if no debug info
SOIL.lib(image_helper.obj) : warning LNK4099: PDB '' was not found with 'SOIL.lib(image_helper.obj)' or at ''; linking object as if no debug info
SOIL.lib(image_DXT.obj) : warning LNK4099: PDB '' was not found with 'SOIL.lib(image_DXT.obj)' or at ''; linking object as if no debug info
  grafica-teme-lab.vcxproj -> E:\Visual Studio Projects\grafica-teme-lab\x64\Debug\grafica-teme-lab.exe
  'pwsh.exe' is not recognized as an internal or external command,
  operable program or batch file.
  0 File(s) copied
  0 File(s) copied
  0 File(s) copied
